<?xml version="1.0" encoding="UTF-8"?>
<testng-results skipped="0" failed="1" ignored="0" total="5" passed="4">
  <reporter-output>
  </reporter-output>
  <suite name="Default suite" duration-ms="7504" started-at="2021-10-12T11:22:26 COT" finished-at="2021-10-12T11:22:33 COT">
    <groups>
    </groups>
    <test name="Default test" duration-ms="7504" started-at="2021-10-12T11:22:26 COT" finished-at="2021-10-12T11:22:33 COT">
      <class name="dataDrivenTesting.dataDrivenTest_Add_New_Employees">
        <test-method status="PASS" signature="addNewEmployees(java.lang.String,java.lang.String,java.lang.String)[pri:0, instance:dataDrivenTesting.dataDrivenTest_Add_New_Employees@1060b431]" name="addNewEmployees" duration-ms="2980" started-at="2021-10-12T11:22:27 COT" data-provider="dataProvider" finished-at="2021-10-12T11:22:30 COT">
          <params>
            <param index="0">
              <value>
                <![CDATA[User1]]>
              </value>
            </param>
            <param index="1">
              <value>
                <![CDATA[40000]]>
              </value>
            </param>
            <param index="2">
              <value>
                <![CDATA[30]]>
              </value>
            </param>
          </params>
          <reporter-output>
          </reporter-output>
        </test-method> <!-- addNewEmployees -->
        <test-method status="PASS" signature="addNewEmployees(java.lang.String,java.lang.String,java.lang.String)[pri:0, instance:dataDrivenTesting.dataDrivenTest_Add_New_Employees@1060b431]" name="addNewEmployees" duration-ms="988" started-at="2021-10-12T11:22:30 COT" data-provider="dataProvider" finished-at="2021-10-12T11:22:31 COT">
          <params>
            <param index="0">
              <value>
                <![CDATA[User2]]>
              </value>
            </param>
            <param index="1">
              <value>
                <![CDATA[70000]]>
              </value>
            </param>
            <param index="2">
              <value>
                <![CDATA[40]]>
              </value>
            </param>
          </params>
          <reporter-output>
          </reporter-output>
        </test-method> <!-- addNewEmployees -->
        <test-method status="FAIL" signature="addNewEmployees(java.lang.String,java.lang.String,java.lang.String)[pri:0, instance:dataDrivenTesting.dataDrivenTest_Add_New_Employees@1060b431]" name="addNewEmployees" duration-ms="791" started-at="2021-10-12T11:22:31 COT" data-provider="dataProvider" finished-at="2021-10-12T11:22:32 COT">
          <params>
            <param index="0">
              <value>
                <![CDATA[User3]]>
              </value>
            </param>
            <param index="1">
              <value>
                <![CDATA[80000]]>
              </value>
            </param>
            <param index="2">
              <value>
                <![CDATA[35]]>
              </value>
            </param>
          </params>
          <exception class="io.restassured.path.json.exception.JsonPathException">
            <message>
              <![CDATA[Failed to parse the JSON document]]>
            </message>
            <full-stacktrace>
              <![CDATA[io.restassured.path.json.exception.JsonPathException: Failed to parse the JSON document
at io.restassured.path.json.JsonPath$ExceptionCatcher.invoke(JsonPath.java:1002)
at io.restassured.path.json.JsonPath$4.doParseWith(JsonPath.java:967)
at io.restassured.path.json.JsonPath$JsonParser.parseWith(JsonPath.java:1047)
at io.restassured.path.json.JsonPath.get(JsonPath.java:202)
at dataDrivenTesting.dataDrivenTest_Add_New_Employees.addNewEmployees(dataDrivenTest_Add_New_Employees.java:44)
at sun.reflect.NativeMethodAccessorImpl.invoke0(Native Method)
at sun.reflect.NativeMethodAccessorImpl.invoke(NativeMethodAccessorImpl.java:62)
at sun.reflect.DelegatingMethodAccessorImpl.invoke(DelegatingMethodAccessorImpl.java:43)
at java.lang.reflect.Method.invoke(Method.java:498)
at org.testng.internal.MethodInvocationHelper.invokeMethod(MethodInvocationHelper.java:133)
at org.testng.internal.TestInvoker.invokeMethod(TestInvoker.java:598)
at org.testng.internal.TestInvoker.invokeTestMethod(TestInvoker.java:173)
at org.testng.internal.MethodRunner.runInSequence(MethodRunner.java:46)
at org.testng.internal.TestInvoker$MethodInvocationAgent.invoke(TestInvoker.java:824)
at org.testng.internal.TestInvoker.invokeTestMethods(TestInvoker.java:146)
at org.testng.internal.TestMethodWorker.invokeTestMethods(TestMethodWorker.java:146)
at org.testng.internal.TestMethodWorker.run(TestMethodWorker.java:128)
at java.util.ArrayList.forEach(ArrayList.java:1259)
at org.testng.TestRunner.privateRun(TestRunner.java:794)
at org.testng.TestRunner.run(TestRunner.java:596)
at org.testng.SuiteRunner.runTest(SuiteRunner.java:377)
at org.testng.SuiteRunner.runSequentially(SuiteRunner.java:371)
at org.testng.SuiteRunner.privateRun(SuiteRunner.java:332)
at org.testng.SuiteRunner.run(SuiteRunner.java:276)
at org.testng.SuiteRunnerWorker.runSuite(SuiteRunnerWorker.java:53)
at org.testng.SuiteRunnerWorker.run(SuiteRunnerWorker.java:96)
at org.testng.TestNG.runSuitesSequentially(TestNG.java:1212)
at org.testng.TestNG.runSuitesLocally(TestNG.java:1134)
at org.testng.TestNG.runSuites(TestNG.java:1063)
at org.testng.TestNG.run(TestNG.java:1031)
at org.testng.remote.AbstractRemoteTestNG.run(AbstractRemoteTestNG.java:115)
at org.testng.remote.RemoteTestNG.initAndRun(RemoteTestNG.java:251)
at org.testng.remote.RemoteTestNG.main(RemoteTestNG.java:77)
Caused by: groovy.json.JsonException: Lexing failed on line: 1, column: 1, while reading '<', no possible valid JSON value or punctuation could be recognized.
at groovy.json.JsonLexer.nextToken(JsonLexer.java:86)
at groovy.json.JsonLexer$nextToken.call(Unknown Source)
at io.restassured.internal.path.json.ConfigurableJsonSlurper.parse(ConfigurableJsonSlurper.groovy:97)
at io.restassured.internal.path.json.ConfigurableJsonSlurper$parse.callCurrent(Unknown Source)
at io.restassured.internal.path.json.ConfigurableJsonSlurper.parseText(ConfigurableJsonSlurper.groovy:83)
at io.restassured.path.json.JsonPath$4$1.method(JsonPath.java:965)
at io.restassured.path.json.JsonPath$ExceptionCatcher.invoke(JsonPath.java:1000)
... 32 more
]]>
            </full-stacktrace>
          </exception> <!-- io.restassured.path.json.exception.JsonPathException -->
          <reporter-output>
          </reporter-output>
        </test-method> <!-- addNewEmployees -->
        <test-method status="PASS" signature="addNewEmployees(java.lang.String,java.lang.String,java.lang.String)[pri:0, instance:dataDrivenTesting.dataDrivenTest_Add_New_Employees@1060b431]" name="addNewEmployees" duration-ms="900" started-at="2021-10-12T11:22:32 COT" data-provider="dataProvider" finished-at="2021-10-12T11:22:33 COT">
          <params>
            <param index="0">
              <value>
                <![CDATA[User4]]>
              </value>
            </param>
            <param index="1">
              <value>
                <![CDATA[240000]]>
              </value>
            </param>
            <param index="2">
              <value>
                <![CDATA[45]]>
              </value>
            </param>
          </params>
          <reporter-output>
          </reporter-output>
        </test-method> <!-- addNewEmployees -->
        <test-method status="PASS" signature="addNewEmployees(java.lang.String,java.lang.String,java.lang.String)[pri:0, instance:dataDrivenTesting.dataDrivenTest_Add_New_Employees@1060b431]" name="addNewEmployees" duration-ms="819" started-at="2021-10-12T11:22:33 COT" data-provider="dataProvider" finished-at="2021-10-12T11:22:33 COT">
          <params>
            <param index="0">
              <value>
                <![CDATA[User5]]>
              </value>
            </param>
            <param index="1">
              <value>
                <![CDATA[740000]]>
              </value>
            </param>
            <param index="2">
              <value>
                <![CDATA[50]]>
              </value>
            </param>
          </params>
          <reporter-output>
          </reporter-output>
        </test-method> <!-- addNewEmployees -->
      </class> <!-- dataDrivenTesting.dataDrivenTest_Add_New_Employees -->
    </test> <!-- Default test -->
  </suite> <!-- Default suite -->
</testng-results>
